<?xml version="1.0" encoding="UTF-8"?>
<!-- Generated by org.testng.reporters.JUnitReportReporter -->
<testsuite skipped="0" hostname="LAPTOP-2HMG3PMB" name="com.redbackConnect.testCases.TC_VerifyConferenceCreation_001" tests="1" failures="0" timestamp="13 Aug 2019 12:00:35 GMT" time="11.355" errors="0">
  <testcase name="VerifyConferenceCreation" time="11.355" classname="com.redbackConnect.testCases.TC_VerifyConferenceCreation_001"/>
</testsuite> <!-- com.redbackConnect.testCases.TC_VerifyConferenceCreation_001 -->
